<?xml version="1.0" encoding="UTF-8"?>
<!-- Generated by org.testng.reporters.JUnitXMLReporter -->
<testsuite hostname="DESKTOP-NG79I8K" ignored="0" name="Gmail" tests="1" failures="1" timestamp="2019-12-30T00:52:49 IST" time="4.645" errors="0">
  <testcase name="feature" time="1.594" classname="cucumber.api.testng.AbstractTestNGCucumberTests">
    <failure type="cucumber.runtime.CucumberException" message="java.lang.NoClassDefFoundError: ch/qos/logback/core/joran/spi/JoranException">
      <![CDATA[cucumber.runtime.CucumberException: java.lang.NoClassDefFoundError: ch/qos/logback/core/joran/spi/JoranException
at cucumber.api.testng.TestNGCucumberRunner.runCucumber(TestNGCucumberRunner.java:69)
at cucumber.api.testng.AbstractTestNGCucumberTests.feature(AbstractTestNGCucumberTests.java:21)
at java.util.ArrayList.forEach(ArrayList.java:1257)
Caused by: java.lang.NoClassDefFoundError: ch/qos/logback/core/joran/spi/JoranException
at org.slf4j.LoggerFactory.getSingleton(LoggerFactory.java:189)
at org.slf4j.LoggerFactory.bind(LoggerFactory.java:112)
at org.slf4j.LoggerFactory.performInitialization(LoggerFactory.java:105)
at org.slf4j.LoggerFactory.getILoggerFactory(LoggerFactory.java:235)
at org.slf4j.LoggerFactory.getLogger(LoggerFactory.java:208)
at org.apache.logging.slf4j.SLF4JLoggerContext.getLogger(SLF4JLoggerContext.java:39)
at org.apache.logging.log4j.LogManager.getLogger(LogManager.java:581)
at Configurations.BaseClass.<clinit>(BaseClass.java:26)
at cucumber.runtime.java.DefaultJavaObjectFactory.cacheNewInstance(DefaultJavaObjectFactory.java:41)
at cucumber.runtime.java.DefaultJavaObjectFactory.getInstance(DefaultJavaObjectFactory.java:33)
at cucumber.runtime.java.JavaStepDefinition.execute(JavaStepDefinition.java:38)
at cucumber.runtime.StepDefinitionMatch.runStep(StepDefinitionMatch.java:37)
at cucumber.runtime.Runtime.runStep(Runtime.java:300)
at cucumber.runtime.model.StepContainer.runStep(StepContainer.java:44)
at cucumber.runtime.model.StepContainer.runSteps(StepContainer.java:39)
at cucumber.runtime.model.CucumberScenario.run(CucumberScenario.java:44)
at cucumber.runtime.model.CucumberFeature.run(CucumberFeature.java:165)
at cucumber.api.testng.TestNGCucumberRunner.runCucumber(TestNGCucumberRunner.java:63)
at cucumber.api.testng.AbstractTestNGCucumberTests.feature(AbstractTestNGCucumberTests.java:21)
at java.util.ArrayList.forEach(ArrayList.java:1257)
at âœ½.Given User is on Gmail login page(Features/LoginGmail.Feature:4)
Caused by: java.lang.ClassNotFoundException: ch.qos.logback.core.joran.spi.JoranException
at java.net.URLClassLoader.findClass(URLClassLoader.java:382)
at java.lang.ClassLoader.loadClass(ClassLoader.java:424)
at sun.misc.Launcher$AppClassLoader.loadClass(Launcher.java:349)
at java.lang.ClassLoader.loadClass(ClassLoader.java:357)
at org.slf4j.LoggerFactory.getSingleton(LoggerFactory.java:189)
at org.slf4j.LoggerFactory.bind(LoggerFactory.java:112)
at org.slf4j.LoggerFactory.performInitialization(LoggerFactory.java:105)
at org.slf4j.LoggerFactory.getILoggerFactory(LoggerFactory.java:235)
at org.slf4j.LoggerFactory.getLogger(LoggerFactory.java:208)
at org.apache.logging.slf4j.SLF4JLoggerContext.getLogger(SLF4JLoggerContext.java:39)
at org.apache.logging.log4j.LogManager.getLogger(LogManager.java:581)
at Configurations.BaseClass.<clinit>(BaseClass.java:26)
at cucumber.runtime.java.DefaultJavaObjectFactory.cacheNewInstance(DefaultJavaObjectFactory.java:41)
at cucumber.runtime.java.DefaultJavaObjectFactory.getInstance(DefaultJavaObjectFactory.java:33)
at cucumber.runtime.java.JavaStepDefinition.execute(JavaStepDefinition.java:38)
at cucumber.runtime.StepDefinitionMatch.runStep(StepDefinitionMatch.java:37)
at cucumber.runtime.Runtime.runStep(Runtime.java:300)
at cucumber.runtime.model.StepContainer.runStep(StepContainer.java:44)
at cucumber.runtime.model.StepContainer.runSteps(StepContainer.java:39)
at cucumber.runtime.model.CucumberScenario.run(CucumberScenario.java:44)
at cucumber.runtime.model.CucumberFeature.run(CucumberFeature.java:165)
at cucumber.api.testng.TestNGCucumberRunner.runCucumber(TestNGCucumberRunner.java:63)
at cucumber.api.testng.AbstractTestNGCucumberTests.feature(AbstractTestNGCucumberTests.java:21)
at java.util.ArrayList.forEach(ArrayList.java:1257)
... Removed 89 stack frames]]>
    </failure>
  </testcase> <!-- feature -->
</testsuite> <!-- Gmail -->
